<?xml version="1.0" encoding="UTF-8"?>
<!-- Generated by org.testng.reporters.JUnitXMLReporter -->
<testsuite ignored="0" hostname="LAPTOP-21STD7K1" failures="0" tests="5" name="Default test" time="8.162" errors="0" timestamp="2021-08-18T13:00:16 IST">
  <testcase classname="Activity.Activity05" name="pageTitleTest" time="0.032"/>
  <testcase classname="Activity.Activity05" name="ButtonTest1" time="0.118"/>
  <testcase classname="Activity.Activity05" name="ButtonTest2" time="0.059"/>
  <testcase classname="Activity.Activity05" name="HeaderTest1" time="0.049"/>
  <testcase classname="Activity.Activity05" name="HeaderTest2" time="0.042"/>
</testsuite> <!-- Default test -->
