<?xml version="1.0" encoding="UTF-8"?>
<testng-results ignored="0" total="5" passed="5" failed="0" skipped="0">
  <reporter-output>
  </reporter-output>
  <suite started-at="2021-08-18T13:01:07 IST" name="Suite" finished-at="2021-08-18T13:01:13 IST" duration-ms="6349">
    <groups>
      <group name="ButtonTests">
        <method signature="Activity05.pageTitleTest()[pri:0, instance:Activity.Activity05@49c7b90e]" name="pageTitleTest" class="Activity.Activity05"/>
        <method signature="Activity05.ButtonTest1()[pri:0, instance:Activity.Activity05@49c7b90e]" name="ButtonTest1" class="Activity.Activity05"/>
        <method signature="Activity05.ButtonTest2()[pri:0, instance:Activity.Activity05@49c7b90e]" name="ButtonTest2" class="Activity.Activity05"/>
      </group> <!-- ButtonTests -->
      <group name="HeaderTests">
        <method signature="Activity05.pageTitleTest()[pri:0, instance:Activity.Activity05@49c7b90e]" name="pageTitleTest" class="Activity.Activity05"/>
        <method signature="Activity05.HeaderTest1()[pri:0, instance:Activity.Activity05@49c7b90e]" name="HeaderTest1" class="Activity.Activity05"/>
        <method signature="Activity05.HeaderTest2()[pri:0, instance:Activity.Activity05@49c7b90e]" name="HeaderTest2" class="Activity.Activity05"/>
      </group> <!-- HeaderTests -->
    </groups>
    <test started-at="2021-08-18T13:01:07 IST" name="Test" finished-at="2021-08-18T13:01:13 IST" duration-ms="6349">
      <class name="Activity.Activity05">
        <test-method is-config="true" signature="beforeMethod()[pri:0, instance:Activity.Activity05@49c7b90e]" started-at="2021-08-18T13:01:07 IST" name="beforeMethod" finished-at="2021-08-18T13:01:13 IST" duration-ms="5829" status="PASS">
          <reporter-output>
          </reporter-output>
        </test-method> <!-- beforeMethod -->
        <test-method signature="pageTitleTest()[pri:0, instance:Activity.Activity05@49c7b90e]" started-at="2021-08-18T13:01:13 IST" name="pageTitleTest" finished-at="2021-08-18T13:01:13 IST" duration-ms="22" status="PASS">
          <reporter-output>
          </reporter-output>
        </test-method> <!-- pageTitleTest -->
        <test-method signature="ButtonTest1()[pri:0, instance:Activity.Activity05@49c7b90e]" started-at="2021-08-18T13:01:13 IST" name="ButtonTest1" finished-at="2021-08-18T13:01:13 IST" depends-on-methods="Activity.Activity05.pageTitleTest" duration-ms="70" status="PASS">
          <reporter-output>
          </reporter-output>
        </test-method> <!-- ButtonTest1 -->
        <test-method signature="ButtonTest2()[pri:0, instance:Activity.Activity05@49c7b90e]" started-at="2021-08-18T13:01:13 IST" name="ButtonTest2" finished-at="2021-08-18T13:01:13 IST" depends-on-methods="Activity.Activity05.pageTitleTest" duration-ms="49" status="PASS">
          <reporter-output>
          </reporter-output>
        </test-method> <!-- ButtonTest2 -->
        <test-method signature="HeaderTest1()[pri:0, instance:Activity.Activity05@49c7b90e]" started-at="2021-08-18T13:01:13 IST" name="HeaderTest1" finished-at="2021-08-18T13:01:13 IST" depends-on-methods="Activity.Activity05.pageTitleTest" duration-ms="49" status="PASS">
          <reporter-output>
          </reporter-output>
        </test-method> <!-- HeaderTest1 -->
        <test-method signature="HeaderTest2()[pri:0, instance:Activity.Activity05@49c7b90e]" started-at="2021-08-18T13:01:13 IST" name="HeaderTest2" finished-at="2021-08-18T13:01:13 IST" depends-on-methods="Activity.Activity05.pageTitleTest" duration-ms="42" status="PASS">
          <reporter-output>
          </reporter-output>
        </test-method> <!-- HeaderTest2 -->
        <test-method is-config="true" signature="afterMethod()[pri:0, instance:Activity.Activity05@49c7b90e]" started-at="2021-08-18T13:01:13 IST" name="afterMethod" finished-at="2021-08-18T13:01:13 IST" duration-ms="206" status="PASS">
          <reporter-output>
          </reporter-output>
        </test-method> <!-- afterMethod -->
      </class> <!-- Activity.Activity05 -->
    </test> <!-- Test -->
  </suite> <!-- Suite -->
</testng-results>
